<?xml version="1.0" encoding="UTF-8"?>
<testsuite xmlns:xsi="http://www.w3.org/2001/XMLSchema-instance" xsi:noNamespaceSchemaLocation="https://maven.apache.org/surefire/maven-surefire-plugin/xsd/surefire-test-report.xsd" name="com.tinkoff.edu.AppTest" time="0.069" tests="16" errors="0" skipped="0" failures="0">
  <properties>
[...]
</properties>
  <testcase name="shouldGetCorrectedLoanSolution" classname="com.tinkoff.edu.AppTest" time="0.04"/>
  <testcase name="shouldGetApplicationId" classname="com.tinkoff.edu.AppTest" time="0"/>
  <testcase name="shouldGetLoanRequest" classname="com.tinkoff.edu.AppTest" time="0.001"/>
  <testcase name="shouldGetIncrementedIdWhenAnyCall" classname="com.tinkoff.edu.AppTest" time="0.001"/>
  <testcase name="shouldGetChangeStatusUuidApproved" classname="com.tinkoff.edu.AppTest" time="0.001"/>
  <testcase name="shouldGetApprovedPersonRequest" classname="com.tinkoff.edu.AppTest" time="0.001"/>
  <testcase name="shouldGetDeniedOooRequest" classname="com.tinkoff.edu.AppTest" time="0.001"/>
  <testcase name="shouldGetChangeStatusUuidDenied" classname="com.tinkoff.edu.AppTest" time="0.001"/>
  <testcase name="shouldGetDeniedIpRequest" classname="com.tinkoff.edu.AppTest" time="0.001"/>
  <testcase name="shouldGetApprovedOooRequest" classname="com.tinkoff.edu.AppTest" time="0.001"/>
  <testcase name="shouldSetChangeOnApprovedAndFindApplication" classname="com.tinkoff.edu.AppTest" time="0"/>
  <testcase name="shouldGetDeniedAnyRequest" classname="com.tinkoff.edu.AppTest" time="0.001"/>
  <testcase name="shouldGetId1WhenFirstCall" classname="com.tinkoff.edu.AppTest" time="0.001"/>
  <testcase name="shouldGetApprovedIpRequest" classname="com.tinkoff.edu.AppTest" time="0.001"/>
  <testcase name="shouldGetDeniedPersonRequest" classname="com.tinkoff.edu.AppTest" time="0.001"/>
  <testcase name="shouldSetChangeOnDeniedAndFindApplication" classname="com.tinkoff.edu.AppTest" time="0.001"/>
</testsuite>